[07-30 02:59:33]: [INFO] SQLite driver loaded
[07-30 02:59:34]: [INFO] SQLite Setup finished
[07-30 02:59:34]: [INFO] Hooked into PermissionsEx!
[07-30 02:59:34]: [INFO] Hooked successfully into Essentials
[07-30 02:59:34]: [INFO] Essentials spawn file not found: 'C:\Users\4Soul\AppData\Local\IconGroups\groups\files\ \plugins\Essentials\spawn.yml'
[07-30 02:59:34]: [INFO] Development builds are available on our jenkins, thanks to f14stelt.
[07-30 02:59:34]: [INFO] Do you want a good game server? Look at our sponsor GameHosting.it leader in Italy as Game Server Provider!
[07-30 02:59:34]: [INFO] AuthMe 5.2-SNAPSHOT-b1238 correctly enabled!
[07-30 03:01:01]: [INFO] AuthMe 5.2-SNAPSHOT-b1238 disabled!
[07-30 03:01:39]: [INFO] SQLite driver loaded
[07-30 03:01:39]: [INFO] SQLite Setup finished
[07-30 03:01:39]: [INFO] Hooked into PermissionsEx!
[07-30 03:01:39]: [INFO] Hooked successfully into Essentials
[07-30 03:01:39]: [INFO] Essentials spawn file not found: 'C:\Users\4Soul\AppData\Local\IconGroups\groups\files\ \plugins\Essentials\spawn.yml'
[07-30 03:01:39]: [INFO] [LICENSE] This product uses data from the GeoLite API created by MaxMind, available at http://www.maxmind.com
[07-30 03:01:40]: [INFO] Development builds are available on our jenkins, thanks to f14stelt.
[07-30 03:01:40]: [INFO] Do you want a good game server? Look at our sponsor GameHosting.it leader in Italy as Game Server Provider!
[07-30 03:01:40]: [INFO] AuthMe 5.2-SNAPSHOT-b1238 correctly enabled!
[07-30 03:04:18]: [INFO] AuthMe 5.2-SNAPSHOT-b1238 disabled!
[07-30 11:39:10]: [INFO] SQLite driver loaded
[07-30 11:39:10]: [INFO] SQLite Setup finished
[07-30 11:39:10]: [INFO] Hooked into PermissionsEx!
[07-30 11:39:10]: [INFO] Hooked successfully into Essentials
[07-30 11:39:10]: [INFO] Essentials spawn file not found: 'C:\Users\4Soul\AppData\Local\IconGroups\groups\files\ \plugins\Essentials\spawn.yml'
[07-30 11:39:11]: [INFO] [LICENSE] This product uses data from the GeoLite API created by MaxMind, available at http://www.maxmind.com
[07-30 11:39:11]: [INFO] Development builds are available on our jenkins, thanks to f14stelt.
[07-30 11:39:11]: [INFO] Do you want a good game server? Look at our sponsor GameHosting.it leader in Italy as Game Server Provider!
[07-30 11:39:11]: [INFO] AuthMe 5.2-SNAPSHOT-b1238 correctly enabled!
[07-30 11:41:31]: [FINE] 4Soul registered 80.252.153.147
[07-30 11:41:31]: [FINE] 4Soul logged in!
[07-30 12:00:31]: [INFO] AuthMe 5.2-SNAPSHOT-b1238 disabled!
[07-31 13:39:39]: [INFO] SQLite driver loaded
[07-31 13:39:39]: [INFO] SQLite Setup finished
[07-31 13:39:39]: [INFO] Hooked into PermissionsEx!
[07-31 13:39:39]: [INFO] Hooked successfully into Essentials
[07-31 13:39:39]: [INFO] Essentials spawn file not found: 'C:\Users\4Soul\AppData\Local\IconGroups\groups\files\ \plugins\Essentials\spawn.yml'
[07-31 13:39:39]: [INFO] [LICENSE] This product uses data from the GeoLite API created by MaxMind, available at http://www.maxmind.com
[07-31 13:39:40]: [INFO] Development builds are available on our jenkins, thanks to f14stelt.
[07-31 13:39:40]: [INFO] Do you want a good game server? Look at our sponsor GameHosting.it leader in Italy as Game Server Provider!
[07-31 13:39:40]: [INFO] AuthMe 5.2-SNAPSHOT-b1238 correctly enabled!
[07-31 13:41:05]: [FINE] 4Soul logged in!
[07-31 13:43:15]: [FINE] 4Soul used the wrong password
[08-03 00:40:09]: [INFO] SQLite driver loaded
[08-03 00:40:09]: [INFO] SQLite Setup finished
[08-03 00:40:10]: [INFO] Hooked into PermissionsEx!
[08-03 00:40:10]: [INFO] Hooked successfully into Essentials
[08-03 00:40:10]: [INFO] Essentials spawn file not found: 'C:\Users\4Soul\Documents\GitHub\Iridium-Server\plugins\Essentials\spawn.yml'
[08-03 00:40:10]: [INFO] [LICENSE] This product uses data from the GeoLite API created by MaxMind, available at http://www.maxmind.com
[08-03 00:40:10]: [INFO] Development builds are available on our jenkins, thanks to f14stelt.
[08-03 00:40:10]: [INFO] Do you want a good game server? Look at our sponsor GameHosting.it leader in Italy as Game Server Provider!
[08-03 00:40:10]: [INFO] AuthMe 5.2-SNAPSHOT-b1238 correctly enabled!
[08-03 00:40:32]: [INFO] AuthMe 5.2-SNAPSHOT-b1238 disabled!
