16-07-30 02:59:01 [INFO] Logger started.
16-07-30 02:59:01 [INFO] Logging system initialized.
16-07-30 02:59:01 [INFO] Detected Minecraft version: 1.10.2
16-07-30 02:59:32 [INFO] McAccess set to: 1.10 / Spigot-CB-1.10_R1
16-07-30 02:59:32 [INFO] Added block-info for Minecraft 1.5 blocks.
16-07-30 02:59:32 [INFO] Added block-info for Minecraft 1.6.1 blocks.
16-07-30 02:59:32 [INFO] Added block-info for Minecraft 1.7.2 blocks.
16-07-30 02:59:32 [INFO] Added block-info for Minecraft 1.8 blocks.
16-07-30 02:59:32 [INFO] Added block-info for Minecraft 1.9 blocks.
16-07-30 02:59:32 [INFO] Added block-info for Minecraft 1.10 blocks.
16-07-30 02:59:32 [INFO] Inventory checks: FastConsume is available, disabled InstantEat.
16-07-30 02:59:32 [INFO] Adding packet level hooks for ProtocolLib (MC 1.10.2)...
16-07-30 02:59:32 [INFO] Available (and activated) packet level hooks: UseEntityAdapter | MovingFlying | OutgoingPosition | KeepAliveAdapter | SoundDistance
16-07-30 02:59:32 [INFO] Force disable FastHeal on Minecraft 1.9 and later.
16-07-30 02:59:32 [INFO] Version 3.15.0-SNAPSHOT-sMD5NET-b1022 is enabled.
16-07-30 02:59:38 [INFO] [GenericInstanceRegistry] Registered for fr.neatmonster.nocheatplus.stats.Counters: fr.neatmonster.nocheatplus.stats.Counters
16-07-30 02:59:38 [INFO] [GenericInstanceRegistry] Registered for fr.neatmonster.nocheatplus.checks.workaround.WRPT: fr.neatmonster.nocheatplus.checks.workaround.WRPT
16-07-30 02:59:38 [INFO] [GenericInstanceRegistry] Registered for fr.neatmonster.nocheatplus.checks.moving.location.tracking.LocationTrace$TraceEntryPool: fr.neatmonster.nocheatplus.checks.moving.location.tracking.LocationTrace$TraceEntryPool
16-07-30 02:59:38 [INFO] [GenericInstanceRegistry] Registered for java.util.Random: java.util.Random
16-07-30 02:59:38 [INFO] [GenericInstanceRegistry] Registered for fr.neatmonster.nocheatplus.compat.IBridgeCrossPlugin: fr.neatmonster.nocheatplus.compat.meta.BridgeCrossPlugin
16-07-30 02:59:38 [INFO] [GenericInstanceRegistry] Registered for fr.neatmonster.nocheatplus.components.modifier.IAttributeAccess: fr.neatmonster.nocheatplus.compat.cbdev.AttributeAccess
16-07-30 02:59:38 [INFO] [GenericInstanceRegistry] Registered for fr.neatmonster.nocheatplus.components.entity.IEntityAccessLastPositionAndLook: fr.neatmonster.nocheatplus.compat.cbdev.EntityAccessLastPositionAndLook
16-07-30 02:59:38 [INFO] [GenericInstanceRegistry] Registered for fr.neatmonster.nocheatplus.compat.MCAccess: fr.neatmonster.nocheatplus.compat.cbdev.MCAccessCBDev
16-07-30 02:59:38 [INFO] [GenericInstanceRegistry] Registered for fr.neatmonster.nocheatplus.checks.moving.util.AuxMoving: fr.neatmonster.nocheatplus.checks.moving.util.AuxMoving
16-07-30 02:59:38 [INFO] Added hook: AllViolations(NCP) [1.0].
16-07-30 02:59:38 [INFO] Post-enable running...
16-07-30 02:59:38 [INFO] Post-enable finished.
16-07-30 02:59:38 [INFO] ---- Version information ----
#### Server ####
git-Spigot-af8198d-8cc5958 ~MC: 1.10.2~
  detected: 1.10.2
#### NoCheatPlus ####
Plugin: 3.15.0-SNAPSHOT-sMD5NET-b1022
MCAccess: 1.10 / Spigot-CB-1.10_R1
Features:
  blocks: BlocksMC1_4 | BlocksMC1_5 | BlocksMC1_6_1 | BlocksMC1_7_2 | BlocksMC1_8 | BlocksMC1_9 | BlocksMC1_10
  checks: FastConsume | Gutenberg | HotFixFallingBlockPortalEnter | AttackFrequency | FlyingFrequency | KeepAliveFrequency
  defaults: pvpKnockBackVelocity
  packet-listeners: UseEntityAdapter | MovingFlying | OutgoingPosition | KeepAliveAdapter | SoundDistance
Hooks: AllViolations~NCP~ 1.0
#### Related Plugins ####
ProtocolLib v4.1.0-SNAPSHOT-b313
16-07-30 03:01:01 [INFO] Removed hook: AllViolations(NCP) [1.0].
16-07-30 03:01:01 [FINE] | canceldead 0 | illegalitem 0 | boatsanywhere 0 | throwenderpearl 0 | fakeinvulnerable 0 | eggonentity 0 | event.player.move.handled 0 | event.player.move.handled.pos 0 | event.player.move.handled.look 0 | event.player.move.handled.pos_look 0 | packet.flying.nullplayer 0 | packet.flying.handled 0 | packet.flying.asynchronous 0 | packet.outgoing_position.untracked 0 | packet.sound.cancel 0 |
16-07-30 03:01:01 [INFO] [GenericInstanceRegistry] Registry cleared.
16-07-30 03:01:31 [INFO] Logger started.
16-07-30 03:01:31 [INFO] Logging system initialized.
16-07-30 03:01:31 [INFO] Detected Minecraft version: 1.10.2
16-07-30 03:01:38 [INFO] McAccess set to: 1.10 / Spigot-CB-1.10_R1
16-07-30 03:01:38 [INFO] Added block-info for Minecraft 1.5 blocks.
16-07-30 03:01:38 [INFO] Added block-info for Minecraft 1.6.1 blocks.
16-07-30 03:01:38 [INFO] Added block-info for Minecraft 1.7.2 blocks.
16-07-30 03:01:38 [INFO] Added block-info for Minecraft 1.8 blocks.
16-07-30 03:01:38 [INFO] Added block-info for Minecraft 1.9 blocks.
16-07-30 03:01:38 [INFO] Added block-info for Minecraft 1.10 blocks.
16-07-30 03:01:39 [INFO] Inventory checks: FastConsume is available, disabled InstantEat.
16-07-30 03:01:39 [INFO] Adding packet level hooks for ProtocolLib (MC 1.10.2)...
16-07-30 03:01:39 [INFO] Available (and activated) packet level hooks: UseEntityAdapter | MovingFlying | OutgoingPosition | KeepAliveAdapter | SoundDistance
16-07-30 03:01:39 [INFO] Force disable FastHeal on Minecraft 1.9 and later.
16-07-30 03:01:39 [INFO] Version 3.15.0-SNAPSHOT-sMD5NET-b1022 is enabled.
16-07-30 03:01:42 [INFO] [GenericInstanceRegistry] Registered for fr.neatmonster.nocheatplus.stats.Counters: fr.neatmonster.nocheatplus.stats.Counters
16-07-30 03:01:42 [INFO] [GenericInstanceRegistry] Registered for fr.neatmonster.nocheatplus.checks.workaround.WRPT: fr.neatmonster.nocheatplus.checks.workaround.WRPT
16-07-30 03:01:42 [INFO] [GenericInstanceRegistry] Registered for fr.neatmonster.nocheatplus.checks.moving.location.tracking.LocationTrace$TraceEntryPool: fr.neatmonster.nocheatplus.checks.moving.location.tracking.LocationTrace$TraceEntryPool
16-07-30 03:01:42 [INFO] [GenericInstanceRegistry] Registered for java.util.Random: java.util.Random
16-07-30 03:01:42 [INFO] [GenericInstanceRegistry] Registered for fr.neatmonster.nocheatplus.compat.IBridgeCrossPlugin: fr.neatmonster.nocheatplus.compat.meta.BridgeCrossPlugin
16-07-30 03:01:42 [INFO] [GenericInstanceRegistry] Registered for fr.neatmonster.nocheatplus.components.modifier.IAttributeAccess: fr.neatmonster.nocheatplus.compat.cbdev.AttributeAccess
16-07-30 03:01:42 [INFO] [GenericInstanceRegistry] Registered for fr.neatmonster.nocheatplus.components.entity.IEntityAccessLastPositionAndLook: fr.neatmonster.nocheatplus.compat.cbdev.EntityAccessLastPositionAndLook
16-07-30 03:01:42 [INFO] [GenericInstanceRegistry] Registered for fr.neatmonster.nocheatplus.compat.MCAccess: fr.neatmonster.nocheatplus.compat.cbdev.MCAccessCBDev
16-07-30 03:01:42 [INFO] [GenericInstanceRegistry] Registered for fr.neatmonster.nocheatplus.checks.moving.util.AuxMoving: fr.neatmonster.nocheatplus.checks.moving.util.AuxMoving
16-07-30 03:01:42 [INFO] Added hook: AllViolations(NCP) [1.0].
16-07-30 03:01:42 [INFO] Post-enable running...
16-07-30 03:01:42 [INFO] Post-enable finished.
16-07-30 03:01:42 [INFO] ---- Version information ----
#### Server ####
git-Spigot-af8198d-8cc5958 ~MC: 1.10.2~
  detected: 1.10.2
#### NoCheatPlus ####
Plugin: 3.15.0-SNAPSHOT-sMD5NET-b1022
MCAccess: 1.10 / Spigot-CB-1.10_R1
Features:
  blocks: BlocksMC1_4 | BlocksMC1_5 | BlocksMC1_6_1 | BlocksMC1_7_2 | BlocksMC1_8 | BlocksMC1_9 | BlocksMC1_10
  checks: FastConsume | Gutenberg | HotFixFallingBlockPortalEnter | AttackFrequency | FlyingFrequency | KeepAliveFrequency
  defaults: pvpKnockBackVelocity
  packet-listeners: UseEntityAdapter | MovingFlying | OutgoingPosition | KeepAliveAdapter | SoundDistance
Hooks: AllViolations~NCP~ 1.0
#### Related Plugins ####
ProtocolLib v4.1.0-SNAPSHOT-b313
16-07-30 03:04:18 [INFO] Removed hook: AllViolations(NCP) [1.0].
16-07-30 03:04:18 [FINE] | canceldead 0 | illegalitem 0 | boatsanywhere 0 | throwenderpearl 0 | fakeinvulnerable 0 | eggonentity 0 | event.player.move.handled 0 | event.player.move.handled.pos 0 | event.player.move.handled.look 0 | event.player.move.handled.pos_look 0 | packet.flying.nullplayer 0 | packet.flying.handled 0 | packet.flying.asynchronous 0 | packet.outgoing_position.untracked 0 | packet.sound.cancel 0 |
16-07-30 03:04:18 [INFO] [GenericInstanceRegistry] Registry cleared.
16-07-30 11:39:00 [INFO] Logger started.
16-07-30 11:39:00 [INFO] Logging system initialized.
16-07-30 11:39:00 [INFO] Detected Minecraft version: 1.10.2
16-07-30 11:39:09 [INFO] McAccess set to: 1.10 / Spigot-CB-1.10_R1
16-07-30 11:39:09 [INFO] Added block-info for Minecraft 1.5 blocks.
16-07-30 11:39:09 [INFO] Added block-info for Minecraft 1.6.1 blocks.
16-07-30 11:39:09 [INFO] Added block-info for Minecraft 1.7.2 blocks.
16-07-30 11:39:09 [INFO] Added block-info for Minecraft 1.8 blocks.
16-07-30 11:39:09 [INFO] Added block-info for Minecraft 1.9 blocks.
16-07-30 11:39:09 [INFO] Added block-info for Minecraft 1.10 blocks.
16-07-30 11:39:09 [INFO] Inventory checks: FastConsume is available, disabled InstantEat.
16-07-30 11:39:09 [INFO] Adding packet level hooks for ProtocolLib (MC 1.10.2)...
16-07-30 11:39:09 [INFO] Available (and activated) packet level hooks: UseEntityAdapter | MovingFlying | OutgoingPosition | KeepAliveAdapter | SoundDistance
16-07-30 11:39:09 [INFO] Force disable FastHeal on Minecraft 1.9 and later.
16-07-30 11:39:09 [INFO] Version 3.15.0-SNAPSHOT-sMD5NET-b1022 is enabled.
16-07-30 11:39:15 [INFO] [GenericInstanceRegistry] Registered for fr.neatmonster.nocheatplus.stats.Counters: fr.neatmonster.nocheatplus.stats.Counters
16-07-30 11:39:15 [INFO] [GenericInstanceRegistry] Registered for fr.neatmonster.nocheatplus.checks.workaround.WRPT: fr.neatmonster.nocheatplus.checks.workaround.WRPT
16-07-30 11:39:15 [INFO] [GenericInstanceRegistry] Registered for fr.neatmonster.nocheatplus.checks.moving.location.tracking.LocationTrace$TraceEntryPool: fr.neatmonster.nocheatplus.checks.moving.location.tracking.LocationTrace$TraceEntryPool
16-07-30 11:39:15 [INFO] [GenericInstanceRegistry] Registered for java.util.Random: java.util.Random
16-07-30 11:39:15 [INFO] [GenericInstanceRegistry] Registered for fr.neatmonster.nocheatplus.compat.IBridgeCrossPlugin: fr.neatmonster.nocheatplus.compat.meta.BridgeCrossPlugin
16-07-30 11:39:15 [INFO] [GenericInstanceRegistry] Registered for fr.neatmonster.nocheatplus.components.modifier.IAttributeAccess: fr.neatmonster.nocheatplus.compat.cbdev.AttributeAccess
16-07-30 11:39:15 [INFO] [GenericInstanceRegistry] Registered for fr.neatmonster.nocheatplus.components.entity.IEntityAccessLastPositionAndLook: fr.neatmonster.nocheatplus.compat.cbdev.EntityAccessLastPositionAndLook
16-07-30 11:39:15 [INFO] [GenericInstanceRegistry] Registered for fr.neatmonster.nocheatplus.compat.MCAccess: fr.neatmonster.nocheatplus.compat.cbdev.MCAccessCBDev
16-07-30 11:39:15 [INFO] [GenericInstanceRegistry] Registered for fr.neatmonster.nocheatplus.checks.moving.util.AuxMoving: fr.neatmonster.nocheatplus.checks.moving.util.AuxMoving
16-07-30 11:39:15 [INFO] Added hook: AllViolations(NCP) [1.0].
16-07-30 11:39:15 [INFO] Post-enable running...
16-07-30 11:39:15 [INFO] Post-enable finished.
16-07-30 11:39:15 [INFO] ---- Version information ----
#### Server ####
git-Spigot-af8198d-8cc5958 ~MC: 1.10.2~
  detected: 1.10.2
#### NoCheatPlus ####
Plugin: 3.15.0-SNAPSHOT-sMD5NET-b1022
MCAccess: 1.10 / Spigot-CB-1.10_R1
Features:
  blocks: BlocksMC1_4 | BlocksMC1_5 | BlocksMC1_6_1 | BlocksMC1_7_2 | BlocksMC1_8 | BlocksMC1_9 | BlocksMC1_10
  checks: FastConsume | Gutenberg | HotFixFallingBlockPortalEnter | AttackFrequency | FlyingFrequency | KeepAliveFrequency
  defaults: pvpKnockBackVelocity
  packet-listeners: UseEntityAdapter | MovingFlying | OutgoingPosition | KeepAliveAdapter | SoundDistance
Hooks: AllViolations~NCP~ 1.0
#### Related Plugins ####
ProtocolLib v4.1.0-SNAPSHOT-b313
16-07-30 11:54:31 [INFO] 4Soul failed SurvivalFly: tried to move unexpectedly. VL 215.
16-07-30 11:54:31 [INFO] 4Soul failed SurvivalFly: tried to move from -244.80, 78.00, -249.37 to -244.80, 80.00, -249.37 over a distance of 2.00 block(s). VL 430.
16-07-30 11:54:53 [INFO] 4Soul failed SurvivalFly: tried to move from -244.80, 78.00, -249.37 to -244.80, 79.01, -249.37 over a distance of 1.01 block(s). VL 546.
16-07-30 11:54:59 [INFO] 4Soul failed SurvivalFly: tried to move from -244.51, 77.88, -248.22 to -244.48, 77.86, -248.22 over a distance of 0.03 block(s). VL 555.
16-07-30 11:55:07 [INFO] 4Soul failed SurvivalFly: tried to move unexpectedly. VL 94.
16-07-30 11:55:07 [INFO] 4Soul failed SurvivalFly: tried to move unexpectedly. VL 102.
16-07-30 11:57:09 [INFO] 4Soul failed SurvivalFly: tried to move unexpectedly. VL 40.
16-07-30 11:59:58 [INFO] 4Soul failed FastBreak: tried to break blocks (1) faster than possible. VL 0.
16-07-30 12:00:04 [INFO] 4Soul failed FastBreak: tried to break blocks (1) faster than possible. VL 1.
16-07-30 12:00:09 [INFO] 4Soul failed FastBreak: tried to break blocks (1) faster than possible. VL 2.
16-07-30 12:00:14 [INFO] 4Soul failed FastBreak: tried to break blocks (1) faster than possible. VL 4.
16-07-30 12:00:31 [INFO] Removed hook: AllViolations(NCP) [1.0].
16-07-30 12:00:31 [FINE] | canceldead 0 | illegalitem 0 | boatsanywhere 0 | throwenderpearl 0 | fakeinvulnerable 0 | eggonentity 0 | event.player.move.handled 4990 (4990/0) | event.player.move.handled.pos 1135 (1135/0) | event.player.move.handled.look 645 (645/0) | event.player.move.handled.pos_look 3209 (3209/0) | packet.flying.nullplayer 0 | packet.flying.handled 7098 (0/7098) | packet.flying.asynchronous 7098 (0/7098) | packet.outgoing_position.untracked 2 (2/0) | packet.sound.cancel 0 |
16-07-30 12:00:31 [INFO] [GenericInstanceRegistry] Registry cleared.
16-07-31 13:39:28 [INFO] Logger started.
16-07-31 13:39:28 [INFO] Logging system initialized.
16-07-31 13:39:28 [INFO] Detected Minecraft version: 1.10.2
16-07-31 13:39:38 [INFO] McAccess set to: 1.10 / Spigot-CB-1.10_R1
16-07-31 13:39:38 [INFO] Added block-info for Minecraft 1.5 blocks.
16-07-31 13:39:38 [INFO] Added block-info for Minecraft 1.6.1 blocks.
16-07-31 13:39:38 [INFO] Added block-info for Minecraft 1.7.2 blocks.
16-07-31 13:39:38 [INFO] Added block-info for Minecraft 1.8 blocks.
16-07-31 13:39:38 [INFO] Added block-info for Minecraft 1.9 blocks.
16-07-31 13:39:38 [INFO] Added block-info for Minecraft 1.10 blocks.
16-07-31 13:39:38 [INFO] Inventory checks: FastConsume is available, disabled InstantEat.
16-07-31 13:39:38 [INFO] Adding packet level hooks for ProtocolLib (MC 1.10.2)...
16-07-31 13:39:38 [INFO] Available (and activated) packet level hooks: UseEntityAdapter | MovingFlying | OutgoingPosition | KeepAliveAdapter | SoundDistance
16-07-31 13:39:38 [INFO] Force disable FastHeal on Minecraft 1.9 and later.
16-07-31 13:39:38 [INFO] Version 3.15.0-SNAPSHOT-sMD5NET-b1022 is enabled.
16-07-31 13:39:43 [INFO] [GenericInstanceRegistry] Registered for fr.neatmonster.nocheatplus.stats.Counters: fr.neatmonster.nocheatplus.stats.Counters
16-07-31 13:39:43 [INFO] [GenericInstanceRegistry] Registered for fr.neatmonster.nocheatplus.checks.workaround.WRPT: fr.neatmonster.nocheatplus.checks.workaround.WRPT
16-07-31 13:39:43 [INFO] [GenericInstanceRegistry] Registered for fr.neatmonster.nocheatplus.checks.moving.location.tracking.LocationTrace$TraceEntryPool: fr.neatmonster.nocheatplus.checks.moving.location.tracking.LocationTrace$TraceEntryPool
16-07-31 13:39:43 [INFO] [GenericInstanceRegistry] Registered for java.util.Random: java.util.Random
16-07-31 13:39:43 [INFO] [GenericInstanceRegistry] Registered for fr.neatmonster.nocheatplus.compat.IBridgeCrossPlugin: fr.neatmonster.nocheatplus.compat.meta.BridgeCrossPlugin
16-07-31 13:39:43 [INFO] [GenericInstanceRegistry] Registered for fr.neatmonster.nocheatplus.components.modifier.IAttributeAccess: fr.neatmonster.nocheatplus.compat.cbdev.AttributeAccess
16-07-31 13:39:43 [INFO] [GenericInstanceRegistry] Registered for fr.neatmonster.nocheatplus.components.entity.IEntityAccessLastPositionAndLook: fr.neatmonster.nocheatplus.compat.cbdev.EntityAccessLastPositionAndLook
16-07-31 13:39:43 [INFO] [GenericInstanceRegistry] Registered for fr.neatmonster.nocheatplus.compat.MCAccess: fr.neatmonster.nocheatplus.compat.cbdev.MCAccessCBDev
16-07-31 13:39:43 [INFO] [GenericInstanceRegistry] Registered for fr.neatmonster.nocheatplus.checks.moving.util.AuxMoving: fr.neatmonster.nocheatplus.checks.moving.util.AuxMoving
16-07-31 13:39:43 [INFO] Added hook: AllViolations(NCP) [1.0].
16-07-31 13:39:43 [INFO] Post-enable running...
16-07-31 13:39:43 [INFO] Post-enable finished.
16-07-31 13:39:43 [INFO] ---- Version information ----
#### Server ####
git-Spigot-af8198d-8cc5958 ~MC: 1.10.2~
  detected: 1.10.2
#### NoCheatPlus ####
Plugin: 3.15.0-SNAPSHOT-sMD5NET-b1022
MCAccess: 1.10 / Spigot-CB-1.10_R1
Features:
  blocks: BlocksMC1_4 | BlocksMC1_5 | BlocksMC1_6_1 | BlocksMC1_7_2 | BlocksMC1_8 | BlocksMC1_9 | BlocksMC1_10
  checks: FastConsume | Gutenberg | HotFixFallingBlockPortalEnter | AttackFrequency | FlyingFrequency | KeepAliveFrequency
  defaults: pvpKnockBackVelocity
  packet-listeners: UseEntityAdapter | MovingFlying | OutgoingPosition | KeepAliveAdapter | SoundDistance
Hooks: AllViolations~NCP~ 1.0
#### Related Plugins ####
ProtocolLib v4.1.0-SNAPSHOT-b313
16-08-03 00:39:56 [INFO] Logger started.
16-08-03 00:39:56 [INFO] Logging system initialized.
16-08-03 00:39:56 [INFO] Detected Minecraft version: 1.10.2
16-08-03 00:40:08 [INFO] McAccess set to: 1.10 / Spigot-CB-1.10_R1
16-08-03 00:40:08 [INFO] Added block-info for Minecraft 1.5 blocks.
16-08-03 00:40:08 [INFO] Added block-info for Minecraft 1.6.1 blocks.
16-08-03 00:40:08 [INFO] Added block-info for Minecraft 1.7.2 blocks.
16-08-03 00:40:08 [INFO] Added block-info for Minecraft 1.8 blocks.
16-08-03 00:40:08 [INFO] Added block-info for Minecraft 1.9 blocks.
16-08-03 00:40:08 [INFO] Added block-info for Minecraft 1.10 blocks.
16-08-03 00:40:08 [INFO] Inventory checks: FastConsume is available, disabled InstantEat.
16-08-03 00:40:08 [INFO] Adding packet level hooks for ProtocolLib (MC 1.10.2)...
16-08-03 00:40:08 [INFO] Available (and activated) packet level hooks: UseEntityAdapter | MovingFlying | OutgoingPosition | KeepAliveAdapter | SoundDistance
16-08-03 00:40:08 [INFO] Force disable FastHeal on Minecraft 1.9 and later.
16-08-03 00:40:08 [INFO] Version 3.15.0-SNAPSHOT-sMD5NET-b1022 is enabled.
16-08-03 00:40:14 [INFO] [GenericInstanceRegistry] Registered for fr.neatmonster.nocheatplus.stats.Counters: fr.neatmonster.nocheatplus.stats.Counters
16-08-03 00:40:14 [INFO] [GenericInstanceRegistry] Registered for fr.neatmonster.nocheatplus.checks.workaround.WRPT: fr.neatmonster.nocheatplus.checks.workaround.WRPT
16-08-03 00:40:14 [INFO] [GenericInstanceRegistry] Registered for fr.neatmonster.nocheatplus.checks.moving.location.tracking.LocationTrace$TraceEntryPool: fr.neatmonster.nocheatplus.checks.moving.location.tracking.LocationTrace$TraceEntryPool
16-08-03 00:40:14 [INFO] [GenericInstanceRegistry] Registered for java.util.Random: java.util.Random
16-08-03 00:40:14 [INFO] [GenericInstanceRegistry] Registered for fr.neatmonster.nocheatplus.compat.IBridgeCrossPlugin: fr.neatmonster.nocheatplus.compat.meta.BridgeCrossPlugin
16-08-03 00:40:14 [INFO] [GenericInstanceRegistry] Registered for fr.neatmonster.nocheatplus.components.modifier.IAttributeAccess: fr.neatmonster.nocheatplus.compat.cbdev.AttributeAccess
16-08-03 00:40:14 [INFO] [GenericInstanceRegistry] Registered for fr.neatmonster.nocheatplus.components.entity.IEntityAccessLastPositionAndLook: fr.neatmonster.nocheatplus.compat.cbdev.EntityAccessLastPositionAndLook
16-08-03 00:40:14 [INFO] [GenericInstanceRegistry] Registered for fr.neatmonster.nocheatplus.compat.MCAccess: fr.neatmonster.nocheatplus.compat.cbdev.MCAccessCBDev
16-08-03 00:40:14 [INFO] [GenericInstanceRegistry] Registered for fr.neatmonster.nocheatplus.checks.moving.util.AuxMoving: fr.neatmonster.nocheatplus.checks.moving.util.AuxMoving
16-08-03 00:40:14 [INFO] Added hook: AllViolations(NCP) [1.0].
16-08-03 00:40:14 [INFO] Post-enable running...
16-08-03 00:40:14 [INFO] Post-enable finished.
16-08-03 00:40:14 [INFO] ---- Version information ----
#### Server ####
git-Spigot-af8198d-8cc5958 ~MC: 1.10.2~
  detected: 1.10.2
#### NoCheatPlus ####
Plugin: 3.15.0-SNAPSHOT-sMD5NET-b1022
MCAccess: 1.10 / Spigot-CB-1.10_R1
Features:
  blocks: BlocksMC1_4 | BlocksMC1_5 | BlocksMC1_6_1 | BlocksMC1_7_2 | BlocksMC1_8 | BlocksMC1_9 | BlocksMC1_10
  checks: FastConsume | Gutenberg | HotFixFallingBlockPortalEnter | AttackFrequency | FlyingFrequency | KeepAliveFrequency
  defaults: pvpKnockBackVelocity
  packet-listeners: UseEntityAdapter | MovingFlying | OutgoingPosition | KeepAliveAdapter | SoundDistance
Hooks: AllViolations~NCP~ 1.0
#### Related Plugins ####
ProtocolLib v4.1.0-SNAPSHOT-b313
16-08-03 00:40:32 [INFO] Removed hook: AllViolations(NCP) [1.0].
16-08-03 00:40:32 [FINE] | canceldead 0 | illegalitem 0 | boatsanywhere 0 | throwenderpearl 0 | fakeinvulnerable 0 | eggonentity 0 | event.player.move.handled 0 | event.player.move.handled.pos 0 | event.player.move.handled.look 0 | event.player.move.handled.pos_look 0 | packet.flying.nullplayer 0 | packet.flying.handled 0 | packet.flying.asynchronous 0 | packet.outgoing_position.untracked 0 | packet.sound.cancel 0 |
16-08-03 00:40:32 [INFO] [GenericInstanceRegistry] Registry cleared.
